<?xml version="1.0" encoding="UTF-8"?>
<testsuite xmlns:xsi="http://www.w3.org/2001/XMLSchema-instance" xsi:noNamespaceSchemaLocation="https://maven.apache.org/surefire/maven-surefire-plugin/xsd/surefire-test-report.xsd" name="CodeForFuture.AutoCode.AppTest" time="1.891" tests="4" errors="0" skipped="0" failures="0">
  <properties>
    <property name="sun.desktop" value="windows"/>
    <property name="awt.toolkit" value="sun.awt.windows.WToolkit"/>
    <property name="file.encoding.pkg" value="sun.io"/>
    <property name="java.specification.version" value="1.8"/>
    <property name="sun.cpu.isalist" value="amd64"/>
    <property name="sun.jnu.encoding" value="GBK"/>
    <property name="java.class.path" value="D:\eclipse-workspace\AutoCode\target\test-classes;D:\eclipse-workspace\AutoCode\target\classes;D:\mavendownload\org\springframework\boot\spring-boot-starter-web\2.0.5.RELEASE\spring-boot-starter-web-2.0.5.RELEASE.jar;D:\mavendownload\org\springframework\boot\spring-boot-starter\2.0.5.RELEASE\spring-boot-starter-2.0.5.RELEASE.jar;D:\mavendownload\org\springframework\boot\spring-boot-starter-logging\2.0.5.RELEASE\spring-boot-starter-logging-2.0.5.RELEASE.jar;D:\mavendownload\ch\qos\logback\logback-classic\1.2.3\logback-classic-1.2.3.jar;D:\mavendownload\ch\qos\logback\logback-core\1.2.3\logback-core-1.2.3.jar;D:\mavendownload\org\apache\logging\log4j\log4j-to-slf4j\2.10.0\log4j-to-slf4j-2.10.0.jar;D:\mavendownload\org\apache\logging\log4j\log4j-api\2.10.0\log4j-api-2.10.0.jar;D:\mavendownload\org\slf4j\jul-to-slf4j\1.7.25\jul-to-slf4j-1.7.25.jar;D:\mavendownload\javax\annotation\javax.annotation-api\1.3.2\javax.annotation-api-1.3.2.jar;D:\mavendownload\org\yaml\snakeyaml\1.19\snakeyaml-1.19.jar;D:\mavendownload\org\springframework\boot\spring-boot-starter-json\2.0.5.RELEASE\spring-boot-starter-json-2.0.5.RELEASE.jar;D:\mavendownload\com\fasterxml\jackson\core\jackson-databind\2.9.6\jackson-databind-2.9.6.jar;D:\mavendownload\com\fasterxml\jackson\core\jackson-annotations\2.9.0\jackson-annotations-2.9.0.jar;D:\mavendownload\com\fasterxml\jackson\core\jackson-core\2.9.6\jackson-core-2.9.6.jar;D:\mavendownload\com\fasterxml\jackson\datatype\jackson-datatype-jdk8\2.9.6\jackson-datatype-jdk8-2.9.6.jar;D:\mavendownload\com\fasterxml\jackson\datatype\jackson-datatype-jsr310\2.9.6\jackson-datatype-jsr310-2.9.6.jar;D:\mavendownload\com\fasterxml\jackson\module\jackson-module-parameter-names\2.9.6\jackson-module-parameter-names-2.9.6.jar;D:\mavendownload\org\springframework\boot\spring-boot-starter-tomcat\2.0.5.RELEASE\spring-boot-starter-tomcat-2.0.5.RELEASE.jar;D:\mavendownload\org\apache\tomcat\embed\tomcat-embed-core\8.5.34\tomcat-embed-core-8.5.34.jar;D:\mavendownload\org\apache\tomcat\embed\tomcat-embed-el\8.5.34\tomcat-embed-el-8.5.34.jar;D:\mavendownload\org\apache\tomcat\embed\tomcat-embed-websocket\8.5.34\tomcat-embed-websocket-8.5.34.jar;D:\mavendownload\org\hibernate\validator\hibernate-validator\6.0.12.Final\hibernate-validator-6.0.12.Final.jar;D:\mavendownload\javax\validation\validation-api\2.0.1.Final\validation-api-2.0.1.Final.jar;D:\mavendownload\org\jboss\logging\jboss-logging\3.3.2.Final\jboss-logging-3.3.2.Final.jar;D:\mavendownload\com\fasterxml\classmate\1.3.4\classmate-1.3.4.jar;D:\mavendownload\org\springframework\spring-web\5.0.9.RELEASE\spring-web-5.0.9.RELEASE.jar;D:\mavendownload\org\springframework\spring-beans\5.0.9.RELEASE\spring-beans-5.0.9.RELEASE.jar;D:\mavendownload\org\springframework\spring-webmvc\5.0.9.RELEASE\spring-webmvc-5.0.9.RELEASE.jar;D:\mavendownload\org\springframework\spring-aop\5.0.9.RELEASE\spring-aop-5.0.9.RELEASE.jar;D:\mavendownload\org\springframework\spring-context\5.0.9.RELEASE\spring-context-5.0.9.RELEASE.jar;D:\mavendownload\org\springframework\spring-expression\5.0.9.RELEASE\spring-expression-5.0.9.RELEASE.jar;D:\mavendownload\org\springframework\boot\spring-boot-starter-thymeleaf\2.0.5.RELEASE\spring-boot-starter-thymeleaf-2.0.5.RELEASE.jar;D:\mavendownload\org\thymeleaf\thymeleaf-spring5\3.0.9.RELEASE\thymeleaf-spring5-3.0.9.RELEASE.jar;D:\mavendownload\org\thymeleaf\thymeleaf\3.0.9.RELEASE\thymeleaf-3.0.9.RELEASE.jar;D:\mavendownload\org\attoparser\attoparser\2.0.4.RELEASE\attoparser-2.0.4.RELEASE.jar;D:\mavendownload\org\unbescape\unbescape\1.1.5.RELEASE\unbescape-1.1.5.RELEASE.jar;D:\mavendownload\org\thymeleaf\extras\thymeleaf-extras-java8time\3.0.1.RELEASE\thymeleaf-extras-java8time-3.0.1.RELEASE.jar;D:\mavendownload\org\springframework\boot\spring-boot-starter-test\2.0.5.RELEASE\spring-boot-starter-test-2.0.5.RELEASE.jar;D:\mavendownload\org\springframework\boot\spring-boot-test\2.0.5.RELEASE\spring-boot-test-2.0.5.RELEASE.jar;D:\mavendownload\org\springframework\boot\spring-boot-test-autoconfigure\2.0.5.RELEASE\spring-boot-test-autoconfigure-2.0.5.RELEASE.jar;D:\mavendownload\com\jayway\jsonpath\json-path\2.4.0\json-path-2.4.0.jar;D:\mavendownload\net\minidev\json-smart\2.3\json-smart-2.3.jar;D:\mavendownload\net\minidev\accessors-smart\1.2\accessors-smart-1.2.jar;D:\mavendownload\org\ow2\asm\asm\5.0.4\asm-5.0.4.jar;D:\mavendownload\junit\junit\4.12\junit-4.12.jar;D:\mavendownload\org\assertj\assertj-core\3.9.1\assertj-core-3.9.1.jar;D:\mavendownload\org\mockito\mockito-core\2.15.0\mockito-core-2.15.0.jar;D:\mavendownload\net\bytebuddy\byte-buddy\1.7.11\byte-buddy-1.7.11.jar;D:\mavendownload\net\bytebuddy\byte-buddy-agent\1.7.11\byte-buddy-agent-1.7.11.jar;D:\mavendownload\org\hamcrest\hamcrest-core\1.3\hamcrest-core-1.3.jar;D:\mavendownload\org\hamcrest\hamcrest-library\1.3\hamcrest-library-1.3.jar;D:\mavendownload\org\skyscreamer\jsonassert\1.5.0\jsonassert-1.5.0.jar;D:\mavendownload\com\vaadin\external\google\android-json\0.0.20131108.vaadin1\android-json-0.0.20131108.vaadin1.jar;D:\mavendownload\org\springframework\spring-core\5.0.9.RELEASE\spring-core-5.0.9.RELEASE.jar;D:\mavendownload\org\springframework\spring-jcl\5.0.9.RELEASE\spring-jcl-5.0.9.RELEASE.jar;D:\mavendownload\org\springframework\spring-test\5.0.9.RELEASE\spring-test-5.0.9.RELEASE.jar;D:\mavendownload\org\xmlunit\xmlunit-core\2.5.1\xmlunit-core-2.5.1.jar;D:\mavendownload\mysql\mysql-connector-java\5.1.47\mysql-connector-java-5.1.47.jar;D:\mavendownload\com\microsoft\sqlserver\mssql-jdbc\6.2.2.jre8\mssql-jdbc-6.2.2.jre8.jar;D:\mavendownload\commons-dbcp\commons-dbcp\1.4\commons-dbcp-1.4.jar;D:\mavendownload\commons-pool\commons-pool\1.6\commons-pool-1.6.jar;D:\mavendownload\com\baomidou\mybatis-plus-boot-starter\3.0.1\mybatis-plus-boot-starter-3.0.1.jar;D:\mavendownload\com\baomidou\mybatis-plus\3.0.1\mybatis-plus-3.0.1.jar;D:\mavendownload\com\baomidou\mybatis-plus-extension\3.0.1\mybatis-plus-extension-3.0.1.jar;D:\mavendownload\com\baomidou\mybatis-plus-core\3.0.1\mybatis-plus-core-3.0.1.jar;D:\mavendownload\com\baomidou\mybatis-plus-annotation\3.0.1\mybatis-plus-annotation-3.0.1.jar;D:\mavendownload\com\github\jsqlparser\jsqlparser\1.2\jsqlparser-1.2.jar;D:\mavendownload\org\mybatis\mybatis-spring\1.3.2\mybatis-spring-1.3.2.jar;D:\mavendownload\org\mybatis\mybatis\3.4.6\mybatis-3.4.6.jar;D:\mavendownload\com\baomidou\mybatis-plus-generator\3.0.1\mybatis-plus-generator-3.0.1.jar;D:\mavendownload\org\freemarker\freemarker\2.3.28\freemarker-2.3.28.jar;D:\mavendownload\org\springframework\boot\spring-boot-autoconfigure\2.0.5.RELEASE\spring-boot-autoconfigure-2.0.5.RELEASE.jar;D:\mavendownload\org\springframework\boot\spring-boot-starter-jdbc\2.0.5.RELEASE\spring-boot-starter-jdbc-2.0.5.RELEASE.jar;D:\mavendownload\com\zaxxer\HikariCP\2.7.9\HikariCP-2.7.9.jar;D:\mavendownload\org\springframework\spring-jdbc\5.0.9.RELEASE\spring-jdbc-5.0.9.RELEASE.jar;D:\mavendownload\org\springframework\spring-tx\5.0.9.RELEASE\spring-tx-5.0.9.RELEASE.jar;D:\mavendownload\org\springframework\boot\spring-boot-configuration-processor\2.0.5.RELEASE\spring-boot-configuration-processor-2.0.5.RELEASE.jar;D:\mavendownload\org\apache\commons\commons-compress\1.16.1\commons-compress-1.16.1.jar;D:\mavendownload\org\objenesis\objenesis\2.6\objenesis-2.6.jar;D:\mavendownload\org\springframework\boot\spring-boot-devtools\2.0.5.RELEASE\spring-boot-devtools-2.0.5.RELEASE.jar;D:\mavendownload\org\springframework\boot\spring-boot\2.0.5.RELEASE\spring-boot-2.0.5.RELEASE.jar;D:\mavendownload\log4j\log4j\1.2.17\log4j-1.2.17.jar;D:\mavendownload\org\apache\velocity\velocity-engine-core\2.0\velocity-engine-core-2.0.jar;D:\mavendownload\org\apache\commons\commons-lang3\3.7\commons-lang3-3.7.jar;D:\mavendownload\org\slf4j\slf4j-api\1.7.25\slf4j-api-1.7.25.jar;"/>
    <property name="java.vm.vendor" value="Oracle Corporation"/>
    <property name="sun.arch.data.model" value="64"/>
    <property name="user.variant" value=""/>
    <property name="java.vendor.url" value="http://java.oracle.com/"/>
    <property name="user.timezone" value=""/>
    <property name="java.vm.specification.version" value="1.8"/>
    <property name="os.name" value="Windows 10"/>
    <property name="user.country" value="CN"/>
    <property name="sun.java.launcher" value="SUN_STANDARD"/>
    <property name="sun.boot.library.path" value="E:\Program Files\Java\jdk1.8.0_144\jre\bin"/>
    <property name="sun.java.command" value="C:\Users\吴成昊\AppData\Local\Temp\surefire2643222284167747688\surefirebooter1937067940626431737.jar C:\Users\吴成昊\AppData\Local\Temp\surefire2643222284167747688 2018-10-05T14-13-24_777-jvmRun1 surefire3232803733827876081tmp surefire_0136396158200109229tmp"/>
    <property name="surefire.test.class.path" value="D:\eclipse-workspace\AutoCode\target\test-classes;D:\eclipse-workspace\AutoCode\target\classes;D:\mavendownload\org\springframework\boot\spring-boot-starter-web\2.0.5.RELEASE\spring-boot-starter-web-2.0.5.RELEASE.jar;D:\mavendownload\org\springframework\boot\spring-boot-starter\2.0.5.RELEASE\spring-boot-starter-2.0.5.RELEASE.jar;D:\mavendownload\org\springframework\boot\spring-boot-starter-logging\2.0.5.RELEASE\spring-boot-starter-logging-2.0.5.RELEASE.jar;D:\mavendownload\ch\qos\logback\logback-classic\1.2.3\logback-classic-1.2.3.jar;D:\mavendownload\ch\qos\logback\logback-core\1.2.3\logback-core-1.2.3.jar;D:\mavendownload\org\apache\logging\log4j\log4j-to-slf4j\2.10.0\log4j-to-slf4j-2.10.0.jar;D:\mavendownload\org\apache\logging\log4j\log4j-api\2.10.0\log4j-api-2.10.0.jar;D:\mavendownload\org\slf4j\jul-to-slf4j\1.7.25\jul-to-slf4j-1.7.25.jar;D:\mavendownload\javax\annotation\javax.annotation-api\1.3.2\javax.annotation-api-1.3.2.jar;D:\mavendownload\org\yaml\snakeyaml\1.19\snakeyaml-1.19.jar;D:\mavendownload\org\springframework\boot\spring-boot-starter-json\2.0.5.RELEASE\spring-boot-starter-json-2.0.5.RELEASE.jar;D:\mavendownload\com\fasterxml\jackson\core\jackson-databind\2.9.6\jackson-databind-2.9.6.jar;D:\mavendownload\com\fasterxml\jackson\core\jackson-annotations\2.9.0\jackson-annotations-2.9.0.jar;D:\mavendownload\com\fasterxml\jackson\core\jackson-core\2.9.6\jackson-core-2.9.6.jar;D:\mavendownload\com\fasterxml\jackson\datatype\jackson-datatype-jdk8\2.9.6\jackson-datatype-jdk8-2.9.6.jar;D:\mavendownload\com\fasterxml\jackson\datatype\jackson-datatype-jsr310\2.9.6\jackson-datatype-jsr310-2.9.6.jar;D:\mavendownload\com\fasterxml\jackson\module\jackson-module-parameter-names\2.9.6\jackson-module-parameter-names-2.9.6.jar;D:\mavendownload\org\springframework\boot\spring-boot-starter-tomcat\2.0.5.RELEASE\spring-boot-starter-tomcat-2.0.5.RELEASE.jar;D:\mavendownload\org\apache\tomcat\embed\tomcat-embed-core\8.5.34\tomcat-embed-core-8.5.34.jar;D:\mavendownload\org\apache\tomcat\embed\tomcat-embed-el\8.5.34\tomcat-embed-el-8.5.34.jar;D:\mavendownload\org\apache\tomcat\embed\tomcat-embed-websocket\8.5.34\tomcat-embed-websocket-8.5.34.jar;D:\mavendownload\org\hibernate\validator\hibernate-validator\6.0.12.Final\hibernate-validator-6.0.12.Final.jar;D:\mavendownload\javax\validation\validation-api\2.0.1.Final\validation-api-2.0.1.Final.jar;D:\mavendownload\org\jboss\logging\jboss-logging\3.3.2.Final\jboss-logging-3.3.2.Final.jar;D:\mavendownload\com\fasterxml\classmate\1.3.4\classmate-1.3.4.jar;D:\mavendownload\org\springframework\spring-web\5.0.9.RELEASE\spring-web-5.0.9.RELEASE.jar;D:\mavendownload\org\springframework\spring-beans\5.0.9.RELEASE\spring-beans-5.0.9.RELEASE.jar;D:\mavendownload\org\springframework\spring-webmvc\5.0.9.RELEASE\spring-webmvc-5.0.9.RELEASE.jar;D:\mavendownload\org\springframework\spring-aop\5.0.9.RELEASE\spring-aop-5.0.9.RELEASE.jar;D:\mavendownload\org\springframework\spring-context\5.0.9.RELEASE\spring-context-5.0.9.RELEASE.jar;D:\mavendownload\org\springframework\spring-expression\5.0.9.RELEASE\spring-expression-5.0.9.RELEASE.jar;D:\mavendownload\org\springframework\boot\spring-boot-starter-thymeleaf\2.0.5.RELEASE\spring-boot-starter-thymeleaf-2.0.5.RELEASE.jar;D:\mavendownload\org\thymeleaf\thymeleaf-spring5\3.0.9.RELEASE\thymeleaf-spring5-3.0.9.RELEASE.jar;D:\mavendownload\org\thymeleaf\thymeleaf\3.0.9.RELEASE\thymeleaf-3.0.9.RELEASE.jar;D:\mavendownload\org\attoparser\attoparser\2.0.4.RELEASE\attoparser-2.0.4.RELEASE.jar;D:\mavendownload\org\unbescape\unbescape\1.1.5.RELEASE\unbescape-1.1.5.RELEASE.jar;D:\mavendownload\org\thymeleaf\extras\thymeleaf-extras-java8time\3.0.1.RELEASE\thymeleaf-extras-java8time-3.0.1.RELEASE.jar;D:\mavendownload\org\springframework\boot\spring-boot-starter-test\2.0.5.RELEASE\spring-boot-starter-test-2.0.5.RELEASE.jar;D:\mavendownload\org\springframework\boot\spring-boot-test\2.0.5.RELEASE\spring-boot-test-2.0.5.RELEASE.jar;D:\mavendownload\org\springframework\boot\spring-boot-test-autoconfigure\2.0.5.RELEASE\spring-boot-test-autoconfigure-2.0.5.RELEASE.jar;D:\mavendownload\com\jayway\jsonpath\json-path\2.4.0\json-path-2.4.0.jar;D:\mavendownload\net\minidev\json-smart\2.3\json-smart-2.3.jar;D:\mavendownload\net\minidev\accessors-smart\1.2\accessors-smart-1.2.jar;D:\mavendownload\org\ow2\asm\asm\5.0.4\asm-5.0.4.jar;D:\mavendownload\junit\junit\4.12\junit-4.12.jar;D:\mavendownload\org\assertj\assertj-core\3.9.1\assertj-core-3.9.1.jar;D:\mavendownload\org\mockito\mockito-core\2.15.0\mockito-core-2.15.0.jar;D:\mavendownload\net\bytebuddy\byte-buddy\1.7.11\byte-buddy-1.7.11.jar;D:\mavendownload\net\bytebuddy\byte-buddy-agent\1.7.11\byte-buddy-agent-1.7.11.jar;D:\mavendownload\org\hamcrest\hamcrest-core\1.3\hamcrest-core-1.3.jar;D:\mavendownload\org\hamcrest\hamcrest-library\1.3\hamcrest-library-1.3.jar;D:\mavendownload\org\skyscreamer\jsonassert\1.5.0\jsonassert-1.5.0.jar;D:\mavendownload\com\vaadin\external\google\android-json\0.0.20131108.vaadin1\android-json-0.0.20131108.vaadin1.jar;D:\mavendownload\org\springframework\spring-core\5.0.9.RELEASE\spring-core-5.0.9.RELEASE.jar;D:\mavendownload\org\springframework\spring-jcl\5.0.9.RELEASE\spring-jcl-5.0.9.RELEASE.jar;D:\mavendownload\org\springframework\spring-test\5.0.9.RELEASE\spring-test-5.0.9.RELEASE.jar;D:\mavendownload\org\xmlunit\xmlunit-core\2.5.1\xmlunit-core-2.5.1.jar;D:\mavendownload\mysql\mysql-connector-java\5.1.47\mysql-connector-java-5.1.47.jar;D:\mavendownload\com\microsoft\sqlserver\mssql-jdbc\6.2.2.jre8\mssql-jdbc-6.2.2.jre8.jar;D:\mavendownload\commons-dbcp\commons-dbcp\1.4\commons-dbcp-1.4.jar;D:\mavendownload\commons-pool\commons-pool\1.6\commons-pool-1.6.jar;D:\mavendownload\com\baomidou\mybatis-plus-boot-starter\3.0.1\mybatis-plus-boot-starter-3.0.1.jar;D:\mavendownload\com\baomidou\mybatis-plus\3.0.1\mybatis-plus-3.0.1.jar;D:\mavendownload\com\baomidou\mybatis-plus-extension\3.0.1\mybatis-plus-extension-3.0.1.jar;D:\mavendownload\com\baomidou\mybatis-plus-core\3.0.1\mybatis-plus-core-3.0.1.jar;D:\mavendownload\com\baomidou\mybatis-plus-annotation\3.0.1\mybatis-plus-annotation-3.0.1.jar;D:\mavendownload\com\github\jsqlparser\jsqlparser\1.2\jsqlparser-1.2.jar;D:\mavendownload\org\mybatis\mybatis-spring\1.3.2\mybatis-spring-1.3.2.jar;D:\mavendownload\org\mybatis\mybatis\3.4.6\mybatis-3.4.6.jar;D:\mavendownload\com\baomidou\mybatis-plus-generator\3.0.1\mybatis-plus-generator-3.0.1.jar;D:\mavendownload\org\freemarker\freemarker\2.3.28\freemarker-2.3.28.jar;D:\mavendownload\org\springframework\boot\spring-boot-autoconfigure\2.0.5.RELEASE\spring-boot-autoconfigure-2.0.5.RELEASE.jar;D:\mavendownload\org\springframework\boot\spring-boot-starter-jdbc\2.0.5.RELEASE\spring-boot-starter-jdbc-2.0.5.RELEASE.jar;D:\mavendownload\com\zaxxer\HikariCP\2.7.9\HikariCP-2.7.9.jar;D:\mavendownload\org\springframework\spring-jdbc\5.0.9.RELEASE\spring-jdbc-5.0.9.RELEASE.jar;D:\mavendownload\org\springframework\spring-tx\5.0.9.RELEASE\spring-tx-5.0.9.RELEASE.jar;D:\mavendownload\org\springframework\boot\spring-boot-configuration-processor\2.0.5.RELEASE\spring-boot-configuration-processor-2.0.5.RELEASE.jar;D:\mavendownload\org\apache\commons\commons-compress\1.16.1\commons-compress-1.16.1.jar;D:\mavendownload\org\objenesis\objenesis\2.6\objenesis-2.6.jar;D:\mavendownload\org\springframework\boot\spring-boot-devtools\2.0.5.RELEASE\spring-boot-devtools-2.0.5.RELEASE.jar;D:\mavendownload\org\springframework\boot\spring-boot\2.0.5.RELEASE\spring-boot-2.0.5.RELEASE.jar;D:\mavendownload\log4j\log4j\1.2.17\log4j-1.2.17.jar;D:\mavendownload\org\apache\velocity\velocity-engine-core\2.0\velocity-engine-core-2.0.jar;D:\mavendownload\org\apache\commons\commons-lang3\3.7\commons-lang3-3.7.jar;D:\mavendownload\org\slf4j\slf4j-api\1.7.25\slf4j-api-1.7.25.jar;"/>
    <property name="sun.cpu.endian" value="little"/>
    <property name="user.home" value="C:\Users\吴成昊"/>
    <property name="user.language" value="zh"/>
    <property name="java.specification.vendor" value="Oracle Corporation"/>
    <property name="java.home" value="E:\Program Files\Java\jdk1.8.0_144\jre"/>
    <property name="basedir" value="D:\eclipse-workspace\AutoCode"/>
    <property name="file.separator" value="\"/>
    <property name="line.separator" value="&#10;"/>
    <property name="java.vm.specification.vendor" value="Oracle Corporation"/>
    <property name="java.specification.name" value="Java Platform API Specification"/>
    <property name="java.awt.graphicsenv" value="sun.awt.Win32GraphicsEnvironment"/>
    <property name="surefire.real.class.path" value="C:\Users\吴成昊\AppData\Local\Temp\surefire2643222284167747688\surefirebooter1937067940626431737.jar"/>
    <property name="sun.boot.class.path" value="E:\Program Files\Java\jdk1.8.0_144\jre\lib\resources.jar;E:\Program Files\Java\jdk1.8.0_144\jre\lib\rt.jar;E:\Program Files\Java\jdk1.8.0_144\jre\lib\sunrsasign.jar;E:\Program Files\Java\jdk1.8.0_144\jre\lib\jsse.jar;E:\Program Files\Java\jdk1.8.0_144\jre\lib\jce.jar;E:\Program Files\Java\jdk1.8.0_144\jre\lib\charsets.jar;E:\Program Files\Java\jdk1.8.0_144\jre\lib\jfr.jar;E:\Program Files\Java\jdk1.8.0_144\jre\classes"/>
    <property name="user.script" value=""/>
    <property name="sun.management.compiler" value="HotSpot 64-Bit Tiered Compilers"/>
    <property name="java.runtime.version" value="1.8.0_144-b01"/>
    <property name="user.name" value="吴成昊"/>
    <property name="path.separator" value=";"/>
    <property name="os.version" value="10.0"/>
    <property name="java.endorsed.dirs" value="E:\Program Files\Java\jdk1.8.0_144\jre\lib\endorsed"/>
    <property name="java.runtime.name" value="Java(TM) SE Runtime Environment"/>
    <property name="file.encoding" value="GBK"/>
    <property name="java.vm.name" value="Java HotSpot(TM) 64-Bit Server VM"/>
    <property name="localRepository" value="D:\mavendownload"/>
    <property name="java.vendor.url.bug" value="http://bugreport.sun.com/bugreport/"/>
    <property name="java.io.tmpdir" value="C:\Users\吴成昊\AppData\Local\Temp\"/>
    <property name="java.version" value="1.8.0_144"/>
    <property name="user.dir" value="D:\eclipse-workspace\AutoCode"/>
    <property name="os.arch" value="amd64"/>
    <property name="java.vm.specification.name" value="Java Virtual Machine Specification"/>
    <property name="java.awt.printerjob" value="sun.awt.windows.WPrinterJob"/>
    <property name="sun.os.patch.level" value=""/>
    <property name="java.library.path" value="E:\Program Files\Java\jdk1.8.0_144\jre\bin;C:\WINDOWS\Sun\Java\bin;C:\WINDOWS\system32;C:\WINDOWS;E:/Program Files (x86)/Java/jdk1.8.0_144/bin/server;E:/Program Files (x86)/Java/jdk1.8.0_144/bin;E:/Program Files (x86)/Java/jdk1.8.0_144/lib/amd64;C:\ProgramData\Oracle\Java\javapath;E:\Program Files (x86)\Python\Python36-32\Scripts\;E:\Program Files (x86)\Python\Python36-32\;C:\WINDOWS\system32;C:\WINDOWS;C:\WINDOWS\System32\Wbem;C:\WINDOWS\System32\WindowsPowerShell\v1.0\;C:\Program Files\Intel\WiFi\bin\;C:\Program Files\Common Files\Intel\WirelessCommon\;E:\Program Files (x86)\apache-maven-3.5.0\bin; E:\Program Files\Java\jdk1.8.0_144\bin;E:\Program Files\Java\jdk1.8.0_144\jre\bin;e:\Program Files (x86)\Git\cmd;E:\Program Files\nodejs\;C:\WINDOWS\System32\OpenSSH\;E:\Program Files\TortoiseSVN\bin;C:\Program Files\Intel\WiFi\bin\;C:\Program Files\Common Files\Intel\WirelessCommon\;C:\Users\吴成昊\AppData\Roaming\npm;C:\Users\吴成昊\AppData\Local\Microsoft\WindowsApps;C:\Program Files (x86)\Nmap;E:\Program Files (x86)\eclipse-jee-oxygen-1-win32-x86_64\eclipse;;."/>
    <property name="java.vm.info" value="mixed mode"/>
    <property name="java.vendor" value="Oracle Corporation"/>
    <property name="java.vm.version" value="25.144-b01"/>
    <property name="java.ext.dirs" value="E:\Program Files\Java\jdk1.8.0_144\jre\lib\ext;C:\WINDOWS\Sun\Java\lib\ext"/>
    <property name="sun.io.unicode.encoding" value="UnicodeLittle"/>
    <property name="java.class.version" value="52.0"/>
  </properties>
  <testcase name="testApp" classname="CodeForFuture.AutoCode.AppTest" time="0.006"/>
  <testcase name="testzip" classname="CodeForFuture.AutoCode.AppTest" time="0"/>
  <testcase name="testSplit" classname="CodeForFuture.AutoCode.AppTest" time="0.002"/>
  <testcase name="testGenerator" classname="CodeForFuture.AutoCode.AppTest" time="1.709"/>
</testsuite>